C51 COMPILER V9.01   EEPROM                                                                12/09/2018 10:48:22 PAGE 1   


C51 COMPILER V9.01, COMPILATION OF MODULE EEPROM
OBJECT MODULE PLACED IN EEPROM.OBJ
COMPILER INVOKED BY: E:\Keil_v4\C51\BIN\C51.EXE EEPROM.c BROWSE DEBUG OBJECTEXTEND

line level    source

   1          #include"EEPROM.h"
   2          //关闭IAP
   3          void IapIdle()
   4          {
   5   1                IAP_CONTR=0;           //关闭IAP功能
   6   1                IAP_CMD  =0;           //清除命令寄存器
   7   1                IAP_TRIG =0;           //清楚触发寄存器
   8   1                IAP_ADDRH=0X80;        //将地址设置到非IAP区域
   9   1                IAP_ADDRL=0;
  10   1      }
  11          
  12          //从ISP/IAP/EEPROM区域读取一个字节
  13          u8 IapReadByte(u16 addr)
  14          {
  15   1               u8 dat;                                 //数据缓冲区
  16   1               IAP_CONTR=ENABLE_IAP;   //使能IAP         同时设置等待时间
  17   1               IAP_CMD=CMD_READ;               //设置IAP命令
  18   1               IAP_ADDRL=addr;                 //设置IAP低地址
  19   1               IAP_ADDRH=addr>>8;              //设置IAP高地址
  20   1               IAP_TRIG=0X5a;                  //写触发命令（0x5a）    写触摸命令以后  命令才会生效 手册713页
  21   1               IAP_TRIG=0Xa5;                  //写触发命令（0xa5）
  22   1               delay_us(10);                           //等待ISP/IAP/EEPROM操作完成
  23   1               dat=IAP_DATA;                   //读ISP/IAP/EEPROM数据
  24   1               IapIdle();                              //关闭IAP功能
  25   1              
  26   1               return dat;                     //返回
  27   1      }
  28          
  29          //写一个字节数据到ISP/IAP/EEPROM区域
  30          void IapProgramByte(u16 addr,u8 dat)
  31          {
  32   1               IAP_CONTR=ENABLE_IAP;   //使能IAP         同时设置等待时间
  33   1               IAP_CMD=CMD_PROGRAM;    //设置IAP命令
  34   1               IAP_ADDRL=addr;                 //设置IAP低地址
  35   1               IAP_ADDRH=addr>>8;              //设置IAP高地址
  36   1               IAP_DATA=dat;                   //写ISP/IAP/EEPROM数据
  37   1               IAP_TRIG=0X5a;                  //写触发命令（0x5a）    写触摸命令以后  命令才会生效 手册713页
  38   1               IAP_TRIG=0Xa5;                  //写触发命令（0xa5）
  39   1               delay_us(10);                           //等待ISP/IAP/EEPROM操作完成
  40   1               IapIdle();                              //关闭IAP功能  
  41   1      }
  42          
  43          //扇区擦除
  44          void IapEraseSector(u16 addr)
  45          {
  46   1               IAP_CONTR=ENABLE_IAP;   //使能IAP       同时设置等待时间
  47   1               IAP_CMD=CMD_ERASE;          //设置IAP命令
  48   1               IAP_ADDRL=addr;                 //设置IAP低地址
  49   1               IAP_ADDRH=addr>>8;              //设置IAP高地址
  50   1               IAP_TRIG=0X5a;                  //写触发命令（0x5a）    写触摸命令以后  命令才会生效 手册713页
  51   1               IAP_TRIG=0Xa5;                  //写触发命令（0xa5）
  52   1               delay_us(10);                           //等待ISP/IAP/EEPROM操作完成
  53   1               IapIdle();                              //关闭IAP功能 
  54   1      }

C51 COMPILER V9.01   EEPROM                                                                12/09/2018 10:48:22 PAGE 2   


MODULE INFORMATION:   STATIC OVERLAYABLE
   CODE SIZE        =     96    ----
   CONSTANT SIZE    =   ----    ----
   XDATA SIZE       =   ----    ----
   PDATA SIZE       =   ----    ----
   DATA SIZE        =   ----    ----
   IDATA SIZE       =   ----    ----
   BIT SIZE         =   ----    ----
END OF MODULE INFORMATION.


C51 COMPILATION COMPLETE.  0 WARNING(S),  0 ERROR(S)
